{"level":"info","ts":"2025-03-14 14:35:37.754148","caller":"awesomeProject/main.go:22","msg":"Logger initialized"}
{"level":"info","ts":"2025-03-14 14:35:43.646443","caller":"handle/systemInfoHandle.go:27","msg":"QuerySystemInfo user from redis:{6 24 zhang       0 0001-01-01 00:00:00 +0000 UTC 0001-01-01 00:00:00 +0000 UTC 0001-01-01 00:00:00 +0000 UTC}"}
{"level":"info","ts":"2025-03-14 14:36:58.528086","caller":"awesomeProject/main.go:22","msg":"Logger initialized"}
{"level":"info","ts":"2025-03-14 14:37:03.997597","caller":"handle/systemInfoHandle.go:26","msg":"QuerySystemInfo user from redis:{6 24 zhang       0 0001-01-01 00:00:00 +0000 UTC 0001-01-01 00:00:00 +0000 UTC 0001-01-01 00:00:00 +0000 UTC}"}
{"level":"info","ts":"2025-03-14 14:37:58.914011","caller":"awesomeProject/main.go:22","msg":"Logger initialized"}
{"level":"info","ts":"2025-03-14 14:38:57.361","caller":"handle/systemInfoHandle.go:26","msg":"QuerySystemInfo user from redis:{6 24 zhang       0 0001-01-01 00:00:00 +0000 UTC 0001-01-01 00:00:00 +0000 UTC 0001-01-01 00:00:00 +0000 UTC}"}
{"level":"info","ts":"2025-03-14 14:40:41.224","caller":"handle/systemInfoHandle.go:36","msg":"set user to redis:[123 34 105 100 34 58 54 44 34 117 115 101 114 95 105 100 34 58 50 51 44 34 117 115 101 114 95 110 97 109 101 34 58 34 108 105 99 104 101 110 103 34 44 34 112 97 115 115 119 111 114 100 34 58 34 114 111 111 116 34 44 34 112 104 111 110 101 34 58 34 49 53 54 48 51 48 48 54 50 57 56 34 44 34 115 101 120 34 58 34 109 34 44 34 99 114 101 97 116 101 95 98 121 34 58 34 122 104 97 110 103 115 97 110 34 44 34 117 112 100 97 116 101 95 98 121 34 58 34 34 44 34 114 101 109 97 114 107 34 58 34 97 100 100 32 98 121 32 112 111 115 116 109 97 110 34 44 34 115 116 97 116 117 115 34 58 48 44 34 99 114 101 97 116 101 95 116 105 109 101 34 58 34 50 48 50 53 45 48 51 45 48 57 84 49 53 58 52 49 58 53 52 43 48 56 58 48 48 34 44 34 117 112 100 97 116 101 95 116 105 109 101 34 58 34 50 48 50 53 45 48 51 45 48 57 84 49 53 58 52 49 58 53 52 43 48 56 58 48 48 34 44 34 100 101 108 101 116 101 95 116 105 109 101 34 58 34 48 48 48 49 45 48 49 45 48 49 84 48 48 58 48 48 58 48 48 90 34 125]"}
{"level":"info","ts":"2025-03-14 14:41:16.520","caller":"handle/systemInfoHandle.go:30","msg":"get user from redis:{6 23 licheng root 15603006298 m zhangsan  add by postman 0 2025-03-09 15:41:54 +0800 CST 2025-03-09 15:41:54 +0800 CST 0001-01-01 00:00:00 +0000 UTC}"}
{"level":"info","ts":"2025-03-16 15:02:12.735","caller":"handle/systemInfoHandle.go:37","msg":"set user to redis:[123 34 105 100 34 58 54 44 34 117 115 101 114 95 105 100 34 58 50 51 44 34 117 115 101 114 95 110 97 109 101 34 58 34 108 105 99 104 101 110 103 34 44 34 112 97 115 115 119 111 114 100 34 58 34 114 111 111 116 34 44 34 112 104 111 110 101 34 58 34 49 53 54 48 51 48 48 54 50 57 56 34 44 34 115 101 120 34 58 34 109 34 44 34 99 114 101 97 116 101 95 98 121 34 58 34 122 104 97 110 103 115 97 110 34 44 34 117 112 100 97 116 101 95 98 121 34 58 34 34 44 34 114 101 109 97 114 107 34 58 34 97 100 100 32 98 121 32 112 111 115 116 109 97 110 34 44 34 115 116 97 116 117 115 34 58 48 44 34 99 114 101 97 116 101 95 116 105 109 101 34 58 34 50 48 50 53 45 48 51 45 48 57 84 49 53 58 52 49 58 53 52 43 48 56 58 48 48 34 44 34 117 112 100 97 116 101 95 116 105 109 101 34 58 34 50 48 50 53 45 48 51 45 48 57 84 49 53 58 52 49 58 53 52 43 48 56 58 48 48 34 44 34 100 101 108 101 116 101 95 116 105 109 101 34 58 34 48 48 48 49 45 48 49 45 48 49 84 48 48 58 48 48 58 48 48 90 34 125]"}
{"level":"info","ts":"2025-03-16 15:02:13.433","caller":"handle/systemInfoHandle.go:30","msg":"get user from redis:{6 23 licheng root 15603006298 m zhangsan  add by postman 0 2025-03-09 15:41:54 +0800 CST 2025-03-09 15:41:54 +0800 CST 0001-01-01 00:00:00 +0000 UTC}"}
{"level":"info","ts":"2025-03-16 15:02:14.209","caller":"handle/systemInfoHandle.go:30","msg":"get user from redis:{6 23 licheng root 15603006298 m zhangsan  add by postman 0 2025-03-09 15:41:54 +0800 CST 2025-03-09 15:41:54 +0800 CST 0001-01-01 00:00:00 +0000 UTC}"}
{"level":"info","ts":"2025-03-17 12:41:22.911","caller":"handle/systemInfoHandle.go:37","msg":"set user to redis:[123 34 105 100 34 58 54 44 34 117 115 101 114 95 105 100 34 58 50 51 44 34 117 115 101 114 95 110 97 109 101 34 58 34 108 105 99 104 101 110 103 34 44 34 112 97 115 115 119 111 114 100 34 58 34 114 111 111 116 34 44 34 112 104 111 110 101 34 58 34 49 53 54 48 51 48 48 54 50 57 56 34 44 34 115 101 120 34 58 34 109 34 44 34 99 114 101 97 116 101 95 98 121 34 58 34 122 104 97 110 103 115 97 110 34 44 34 117 112 100 97 116 101 95 98 121 34 58 34 34 44 34 114 101 109 97 114 107 34 58 34 97 100 100 32 98 121 32 112 111 115 116 109 97 110 34 44 34 115 116 97 116 117 115 34 58 48 44 34 99 114 101 97 116 101 95 116 105 109 101 34 58 34 50 48 50 53 45 48 51 45 48 57 84 49 53 58 52 49 58 53 52 43 48 56 58 48 48 34 44 34 117 112 100 97 116 101 95 116 105 109 101 34 58 34 50 48 50 53 45 48 51 45 48 57 84 49 53 58 52 49 58 53 52 43 48 56 58 48 48 34 44 34 100 101 108 101 116 101 95 116 105 109 101 34 58 34 48 48 48 49 45 48 49 45 48 49 84 48 48 58 48 48 58 48 48 90 34 125]"}
{"level":"info","ts":"2025-03-17 12:42:25.679","caller":"handle/systemInfoHandle.go:37","msg":"set user to redis:[123 34 105 100 34 58 54 44 34 117 115 101 114 95 105 100 34 58 50 51 44 34 117 115 101 114 95 110 97 109 101 34 58 34 108 105 99 104 101 110 103 34 44 34 112 97 115 115 119 111 114 100 34 58 34 114 111 111 116 34 44 34 112 104 111 110 101 34 58 34 49 53 54 48 51 48 48 54 50 57 56 34 44 34 115 101 120 34 58 34 109 34 44 34 99 114 101 97 116 101 95 98 121 34 58 34 122 104 97 110 103 115 97 110 34 44 34 117 112 100 97 116 101 95 98 121 34 58 34 34 44 34 114 101 109 97 114 107 34 58 34 97 100 100 32 98 121 32 112 111 115 116 109 97 110 34 44 34 115 116 97 116 117 115 34 58 48 44 34 99 114 101 97 116 101 95 116 105 109 101 34 58 34 50 48 50 53 45 48 51 45 48 57 84 49 53 58 52 49 58 53 52 43 48 56 58 48 48 34 44 34 117 112 100 97 116 101 95 116 105 109 101 34 58 34 50 48 50 53 45 48 51 45 48 57 84 49 53 58 52 49 58 53 52 43 48 56 58 48 48 34 44 34 100 101 108 101 116 101 95 116 105 109 101 34 58 34 48 48 48 49 45 48 49 45 48 49 84 48 48 58 48 48 58 48 48 90 34 125]"}
{"level":"info","ts":"2025-03-17 12:43:46.163","caller":"handle/systemInfoHandle.go:37","msg":"set user to redis:[123 34 105 100 34 58 54 44 34 117 115 101 114 95 105 100 34 58 50 51 44 34 117 115 101 114 95 110 97 109 101 34 58 34 108 105 99 104 101 110 103 34 44 34 112 97 115 115 119 111 114 100 34 58 34 114 111 111 116 34 44 34 112 104 111 110 101 34 58 34 49 53 54 48 51 48 48 54 50 57 56 34 44 34 115 101 120 34 58 34 109 34 44 34 99 114 101 97 116 101 95 98 121 34 58 34 122 104 97 110 103 115 97 110 34 44 34 117 112 100 97 116 101 95 98 121 34 58 34 34 44 34 114 101 109 97 114 107 34 58 34 97 100 100 32 98 121 32 112 111 115 116 109 97 110 34 44 34 115 116 97 116 117 115 34 58 48 44 34 99 114 101 97 116 101 95 116 105 109 101 34 58 34 50 48 50 53 45 48 51 45 48 57 84 49 53 58 52 49 58 53 52 43 48 56 58 48 48 34 44 34 117 112 100 97 116 101 95 116 105 109 101 34 58 34 50 48 50 53 45 48 51 45 48 57 84 49 53 58 52 49 58 53 52 43 48 56 58 48 48 34 44 34 100 101 108 101 116 101 95 116 105 109 101 34 58 34 48 48 48 49 45 48 49 45 48 49 84 48 48 58 48 48 58 48 48 90 34 125]"}
{"level":"info","ts":"2025-03-17 12:43:47.441","caller":"handle/systemInfoHandle.go:30","msg":"get user from redis:{6 23 licheng root 15603006298 m zhangsan  add by postman 0 2025-03-09 15:41:54 +0800 CST 2025-03-09 15:41:54 +0800 CST 0001-01-01 00:00:00 +0000 UTC}"}
{"level":"info","ts":"2025-03-17 12:43:48.436","caller":"handle/systemInfoHandle.go:30","msg":"get user from redis:{6 23 licheng root 15603006298 m zhangsan  add by postman 0 2025-03-09 15:41:54 +0800 CST 2025-03-09 15:41:54 +0800 CST 0001-01-01 00:00:00 +0000 UTC}"}
{"level":"info","ts":"2025-03-17 12:44:25.165","caller":"handle/systemInfoHandle.go:30","msg":"get user from redis:{6 23 licheng root 15603006298 m zhangsan  add by postman 0 2025-03-09 15:41:54 +0800 CST 2025-03-09 15:41:54 +0800 CST 0001-01-01 00:00:00 +0000 UTC}"}
{"level":"info","ts":"2025-03-17 12:44:33.118","caller":"handle/systemInfoHandle.go:30","msg":"get user from redis:{6 23 licheng root 15603006298 m zhangsan  add by postman 0 2025-03-09 15:41:54 +0800 CST 2025-03-09 15:41:54 +0800 CST 0001-01-01 00:00:00 +0000 UTC}"}
{"level":"info","ts":"2025-03-17 12:44:46.029","caller":"handle/systemInfoHandle.go:37","msg":"set user to redis:{\"id\":6,\"user_id\":23,\"user_name\":\"licheng\",\"password\":\"root\",\"phone\":\"15603006298\",\"sex\":\"m\",\"create_by\":\"zhangsan\",\"update_by\":\"\",\"remark\":\"add by postman\",\"status\":0,\"create_time\":\"2025-03-09T15:41:54+08:00\",\"update_time\":\"2025-03-09T15:41:54+08:00\",\"delete_time\":\"0001-01-01T00:00:00Z\"}"}
{"level":"info","ts":"2025-03-18 13:15:14.999","caller":"handle/systemInfoHandle.go:37","msg":"set user to redis:{\"id\":6,\"user_id\":23,\"user_name\":\"licheng\",\"password\":\"root\",\"phone\":\"15603006298\",\"sex\":\"m\",\"create_by\":\"zhangsan\",\"update_by\":\"\",\"remark\":\"add by postman\",\"status\":0,\"create_time\":\"2025-03-09T15:41:54+08:00\",\"update_time\":\"2025-03-09T15:41:54+08:00\",\"delete_time\":\"0001-01-01T00:00:00Z\"}"}
{"level":"info","ts":"2025-03-18 13:15:17.886","caller":"handle/systemInfoHandle.go:30","msg":"get user from redis:{6 23 licheng root 15603006298 m zhangsan  add by postman 0 2025-03-09 15:41:54 +0800 CST 2025-03-09 15:41:54 +0800 CST 0001-01-01 00:00:00 +0000 UTC}"}
{"level":"info","ts":"2025-03-18 16:16:05.738","caller":"handle/systemInfoHandle.go:36","msg":"set user to redis:{\"id\":6,\"user_id\":23,\"user_name\":\"licheng\",\"password\":\"root\",\"phone\":\"15603006298\",\"sex\":\"m\",\"create_by\":\"zhangsan\",\"update_by\":\"\",\"remark\":\"add by postman\",\"status\":0,\"create_time\":\"2025-03-09T15:41:54+08:00\",\"update_time\":\"2025-03-09T15:41:54+08:00\",\"delete_time\":\"0001-01-01T00:00:00Z\"}"}
{"level":"info","ts":"2025-03-18 16:16:08.675","caller":"handle/systemInfoHandle.go:29","msg":"get user from redis:{6 23 licheng root 15603006298 m zhangsan  add by postman 0 2025-03-09 15:41:54 +0800 CST 2025-03-09 15:41:54 +0800 CST 0001-01-01 00:00:00 +0000 UTC}"}
{"level":"info","ts":"2025-03-18 16:24:12.809","caller":"handle/systemInfoHandle.go:36","msg":"set user to redis:{\"id\":6,\"user_id\":23,\"user_name\":\"licheng\",\"password\":\"root\",\"phone\":\"15603006298\",\"sex\":\"m\",\"create_by\":\"zhangsan\",\"update_by\":\"\",\"remark\":\"add by postman\",\"status\":0,\"create_time\":\"2025-03-09T15:41:54+08:00\",\"update_time\":\"2025-03-09T15:41:54+08:00\",\"delete_time\":\"0001-01-01T00:00:00Z\"}"}
{"level":"info","ts":"2025-03-18 16:24:13.606","caller":"handle/systemInfoHandle.go:29","msg":"get user from redis:{6 23 licheng root 15603006298 m zhangsan  add by postman 0 2025-03-09 15:41:54 +0800 CST 2025-03-09 15:41:54 +0800 CST 0001-01-01 00:00:00 +0000 UTC}"}
{"level":"info","ts":"2025-03-18 16:29:30.761","caller":"handle/systemInfoHandle.go:36","msg":"set user to redis:{\"id\":6,\"user_id\":23,\"user_name\":\"licheng\",\"password\":\"root\",\"phone\":\"15603006298\",\"sex\":\"m\",\"create_by\":\"zhangsan\",\"update_by\":\"\",\"remark\":\"add by postman\",\"status\":0,\"create_time\":\"2025-03-09T15:41:54+08:00\",\"update_time\":\"2025-03-09T15:41:54+08:00\",\"delete_time\":\"0001-01-01T00:00:00Z\"}"}
{"level":"info","ts":"2025-03-18 16:29:31.620","caller":"handle/systemInfoHandle.go:29","msg":"get user from redis:{6 23 licheng root 15603006298 m zhangsan  add by postman 0 2025-03-09 15:41:54 +0800 CST 2025-03-09 15:41:54 +0800 CST 0001-01-01 00:00:00 +0000 UTC}"}
{"level":"info","ts":"2025-03-18 16:50:48.550","caller":"handle/systemInfoHandle.go:36","msg":"set user to redis:{\"id\":6,\"user_id\":23,\"user_name\":\"licheng\",\"password\":\"root\",\"phone\":\"15603006298\",\"sex\":\"m\",\"create_by\":\"zhangsan\",\"update_by\":\"\",\"remark\":\"add by postman\",\"status\":0,\"create_time\":\"2025-03-09T15:41:54+08:00\",\"update_time\":\"2025-03-09T15:41:54+08:00\",\"delete_time\":\"0001-01-01T00:00:00Z\"}"}
{"level":"info","ts":"2025-03-18 16:50:49.581","caller":"handle/systemInfoHandle.go:29","msg":"get user from redis:{6 23 licheng root 15603006298 m zhangsan  add by postman 0 2025-03-09 15:41:54 +0800 CST 2025-03-09 15:41:54 +0800 CST 0001-01-01 00:00:00 +0000 UTC}"}
{"level":"info","ts":"2025-03-18 16:50:50.099","caller":"handle/systemInfoHandle.go:29","msg":"get user from redis:{6 23 licheng root 15603006298 m zhangsan  add by postman 0 2025-03-09 15:41:54 +0800 CST 2025-03-09 15:41:54 +0800 CST 0001-01-01 00:00:00 +0000 UTC}"}
{"level":"info","ts":"2025-03-18 16:50:50.664","caller":"handle/systemInfoHandle.go:29","msg":"get user from redis:{6 23 licheng root 15603006298 m zhangsan  add by postman 0 2025-03-09 15:41:54 +0800 CST 2025-03-09 15:41:54 +0800 CST 0001-01-01 00:00:00 +0000 UTC}"}
{"level":"info","ts":"2025-03-18 16:50:51.206","caller":"handle/systemInfoHandle.go:29","msg":"get user from redis:{6 23 licheng root 15603006298 m zhangsan  add by postman 0 2025-03-09 15:41:54 +0800 CST 2025-03-09 15:41:54 +0800 CST 0001-01-01 00:00:00 +0000 UTC}"}
{"level":"info","ts":"2025-03-18 16:51:04.921","caller":"handle/systemInfoHandle.go:29","msg":"get user from redis:{6 23 licheng root 15603006298 m zhangsan  add by postman 0 2025-03-09 15:41:54 +0800 CST 2025-03-09 15:41:54 +0800 CST 0001-01-01 00:00:00 +0000 UTC}"}
{"level":"info","ts":"2025-03-18 16:51:05.499","caller":"handle/systemInfoHandle.go:29","msg":"get user from redis:{6 23 licheng root 15603006298 m zhangsan  add by postman 0 2025-03-09 15:41:54 +0800 CST 2025-03-09 15:41:54 +0800 CST 0001-01-01 00:00:00 +0000 UTC}"}
{"level":"info","ts":"2025-03-18 17:09:15.480","caller":"handle/systemInfoHandle.go:36","msg":"set user to redis:{\"id\":6,\"user_id\":23,\"user_name\":\"licheng\",\"password\":\"root\",\"phone\":\"15603006298\",\"sex\":\"m\",\"create_by\":\"zhangsan\",\"update_by\":\"\",\"remark\":\"add by postman\",\"status\":0,\"create_time\":\"2025-03-09T15:41:54+08:00\",\"update_time\":\"2025-03-09T15:41:54+08:00\",\"delete_time\":\"0001-01-01T00:00:00Z\"}"}
{"level":"info","ts":"2025-03-18 17:09:16.072","caller":"handle/systemInfoHandle.go:29","msg":"get user from redis:{6 23 licheng root 15603006298 m zhangsan  add by postman 0 2025-03-09 15:41:54 +0800 CST 2025-03-09 15:41:54 +0800 CST 0001-01-01 00:00:00 +0000 UTC}"}
{"level":"info","ts":"2025-03-18 17:09:16.965","caller":"handle/systemInfoHandle.go:29","msg":"get user from redis:{6 23 licheng root 15603006298 m zhangsan  add by postman 0 2025-03-09 15:41:54 +0800 CST 2025-03-09 15:41:54 +0800 CST 0001-01-01 00:00:00 +0000 UTC}"}
{"level":"info","ts":"2025-03-18 17:14:59.797","caller":"handle/systemInfoHandle.go:36","msg":"set user to redis:{\"id\":6,\"user_id\":23,\"user_name\":\"licheng\",\"password\":\"root\",\"phone\":\"15603006298\",\"sex\":\"m\",\"create_by\":\"zhangsan\",\"update_by\":\"\",\"remark\":\"add by postman\",\"status\":0,\"create_time\":\"2025-03-09T15:41:54+08:00\",\"update_time\":\"2025-03-09T15:41:54+08:00\",\"delete_time\":\"0001-01-01T00:00:00Z\"}"}
{"level":"info","ts":"2025-03-18 17:15:00.456","caller":"handle/systemInfoHandle.go:29","msg":"get user from redis:{6 23 licheng root 15603006298 m zhangsan  add by postman 0 2025-03-09 15:41:54 +0800 CST 2025-03-09 15:41:54 +0800 CST 0001-01-01 00:00:00 +0000 UTC}"}
{"level":"info","ts":"2025-03-18 17:20:37.879","caller":"handle/systemInfoHandle.go:36","msg":"set user to redis:{\"id\":6,\"user_id\":23,\"user_name\":\"licheng\",\"password\":\"root\",\"phone\":\"15603006298\",\"sex\":\"m\",\"create_by\":\"zhangsan\",\"update_by\":\"\",\"remark\":\"add by postman\",\"status\":0,\"create_time\":\"2025-03-09T15:41:54+08:00\",\"update_time\":\"2025-03-09T15:41:54+08:00\",\"delete_time\":\"0001-01-01T00:00:00Z\"}"}
{"level":"info","ts":"2025-03-18 17:20:38.495","caller":"handle/systemInfoHandle.go:29","msg":"get user from redis:{6 23 licheng root 15603006298 m zhangsan  add by postman 0 2025-03-09 15:41:54 +0800 CST 2025-03-09 15:41:54 +0800 CST 0001-01-01 00:00:00 +0000 UTC}"}
{"level":"info","ts":"2025-03-18 17:21:40.701","caller":"handle/systemInfoHandle.go:36","msg":"set user to redis:{\"id\":6,\"user_id\":23,\"user_name\":\"licheng\",\"password\":\"root\",\"phone\":\"15603006298\",\"sex\":\"m\",\"create_by\":\"zhangsan\",\"update_by\":\"\",\"remark\":\"add by postman\",\"status\":0,\"create_time\":\"2025-03-09T15:41:54+08:00\",\"update_time\":\"2025-03-09T15:41:54+08:00\",\"delete_time\":\"0001-01-01T00:00:00Z\"}"}
{"level":"info","ts":"2025-03-18 17:21:41.403","caller":"handle/systemInfoHandle.go:29","msg":"get user from redis:{6 23 licheng root 15603006298 m zhangsan  add by postman 0 2025-03-09 15:41:54 +0800 CST 2025-03-09 15:41:54 +0800 CST 0001-01-01 00:00:00 +0000 UTC}"}
{"level":"info","ts":"2025-03-18 17:21:42.293","caller":"handle/systemInfoHandle.go:29","msg":"get user from redis:{6 23 licheng root 15603006298 m zhangsan  add by postman 0 2025-03-09 15:41:54 +0800 CST 2025-03-09 15:41:54 +0800 CST 0001-01-01 00:00:00 +0000 UTC}"}
{"level":"info","ts":"2025-03-18 17:22:09.918","caller":"handle/systemInfoHandle.go:29","msg":"get user from redis:{6 23 licheng root 15603006298 m zhangsan  add by postman 0 2025-03-09 15:41:54 +0800 CST 2025-03-09 15:41:54 +0800 CST 0001-01-01 00:00:00 +0000 UTC}"}
{"level":"info","ts":"2025-03-18 17:22:10.519","caller":"handle/systemInfoHandle.go:29","msg":"get user from redis:{6 23 licheng root 15603006298 m zhangsan  add by postman 0 2025-03-09 15:41:54 +0800 CST 2025-03-09 15:41:54 +0800 CST 0001-01-01 00:00:00 +0000 UTC}"}
{"level":"info","ts":"2025-03-18 17:25:24.372","caller":"handle/systemInfoHandle.go:36","msg":"set user to redis:{\"id\":6,\"user_id\":23,\"user_name\":\"licheng\",\"password\":\"root\",\"phone\":\"15603006298\",\"sex\":\"m\",\"create_by\":\"zhangsan\",\"update_by\":\"\",\"remark\":\"add by postman\",\"status\":0,\"create_time\":\"2025-03-09T15:41:54+08:00\",\"update_time\":\"2025-03-09T15:41:54+08:00\",\"delete_time\":\"0001-01-01T00:00:00Z\"}"}
{"level":"info","ts":"2025-03-18 17:25:25.037","caller":"handle/systemInfoHandle.go:29","msg":"get user from redis:{6 23 licheng root 15603006298 m zhangsan  add by postman 0 2025-03-09 15:41:54 +0800 CST 2025-03-09 15:41:54 +0800 CST 0001-01-01 00:00:00 +0000 UTC}"}
{"level":"info","ts":"2025-03-18 17:32:09.298","caller":"handle/systemInfoHandle.go:36","msg":"set user to redis:{\"id\":6,\"user_id\":23,\"user_name\":\"licheng\",\"password\":\"root\",\"phone\":\"15603006298\",\"sex\":\"m\",\"create_by\":\"zhangsan\",\"update_by\":\"\",\"remark\":\"add by postman\",\"status\":0,\"create_time\":\"2025-03-09T15:41:54+08:00\",\"update_time\":\"2025-03-09T15:41:54+08:00\",\"delete_time\":\"0001-01-01T00:00:00Z\"}"}
{"level":"info","ts":"2025-03-18 17:32:10.010","caller":"handle/systemInfoHandle.go:29","msg":"get user from redis:{6 23 licheng root 15603006298 m zhangsan  add by postman 0 2025-03-09 15:41:54 +0800 CST 2025-03-09 15:41:54 +0800 CST 0001-01-01 00:00:00 +0000 UTC}"}
{"level":"info","ts":"2025-03-18 17:32:10.818","caller":"handle/systemInfoHandle.go:29","msg":"get user from redis:{6 23 licheng root 15603006298 m zhangsan  add by postman 0 2025-03-09 15:41:54 +0800 CST 2025-03-09 15:41:54 +0800 CST 0001-01-01 00:00:00 +0000 UTC}"}
{"level":"info","ts":"2025-03-18 17:36:33.382","caller":"handle/systemInfoHandle.go:36","msg":"set user to redis:{\"id\":6,\"user_id\":23,\"user_name\":\"licheng\",\"password\":\"root\",\"phone\":\"15603006298\",\"sex\":\"m\",\"create_by\":\"zhangsan\",\"update_by\":\"\",\"remark\":\"add by postman\",\"status\":0,\"create_time\":\"2025-03-09T15:41:54+08:00\",\"update_time\":\"2025-03-09T15:41:54+08:00\",\"delete_time\":\"0001-01-01T00:00:00Z\"}"}
{"level":"info","ts":"2025-03-18 17:43:09.624","caller":"awesomeProject/main.go:68","msg":"start start grpc"}
{"level":"info","ts":"2025-03-18 17:43:09.624","caller":"awesomeProject/main.go:58","msg":"start start gin"}
{"level":"info","ts":"2025-03-18 17:47:53.740","caller":"awesomeProject/main.go:68","msg":"start start grpc"}
{"level":"info","ts":"2025-03-18 17:47:53.740","caller":"awesomeProject/main.go:58","msg":"start start gin"}
{"level":"info","ts":"2025-03-18 17:49:10.393","caller":"awesomeProject/main.go:68","msg":"start start grpc"}
{"level":"info","ts":"2025-03-18 17:49:10.393","caller":"awesomeProject/main.go:58","msg":"start start gin"}
{"level":"info","ts":"2025-03-18 17:49:13.757","caller":"handle/systemInfoHandle.go:36","msg":"set user to redis:{\"id\":6,\"user_id\":23,\"user_name\":\"licheng\",\"password\":\"root\",\"phone\":\"15603006298\",\"sex\":\"m\",\"create_by\":\"zhangsan\",\"update_by\":\"\",\"remark\":\"add by postman\",\"status\":0,\"create_time\":\"2025-03-09T15:41:54+08:00\",\"update_time\":\"2025-03-09T15:41:54+08:00\",\"delete_time\":\"0001-01-01T00:00:00Z\"}"}
{"level":"info","ts":"2025-03-18 17:49:14.631","caller":"handle/systemInfoHandle.go:29","msg":"get user from redis:{6 23 licheng root 15603006298 m zhangsan  add by postman 0 2025-03-09 15:41:54 +0800 CST 2025-03-09 15:41:54 +0800 CST 0001-01-01 00:00:00 +0000 UTC}"}
{"level":"info","ts":"2025-03-18 17:49:15.738","caller":"handle/systemInfoHandle.go:29","msg":"get user from redis:{6 23 licheng root 15603006298 m zhangsan  add by postman 0 2025-03-09 15:41:54 +0800 CST 2025-03-09 15:41:54 +0800 CST 0001-01-01 00:00:00 +0000 UTC}"}
{"level":"info","ts":"2025-03-18 17:59:07.987","caller":"awesomeProject/main.go:60","msg":"start start gin"}
{"level":"info","ts":"2025-03-18 17:59:07.987","caller":"awesomeProject/main.go:70","msg":"start start grpc"}
{"level":"info","ts":"2025-03-18 18:04:33.454","caller":"awesomeProject/main.go:70","msg":"start start grpc"}
{"level":"info","ts":"2025-03-18 18:04:33.454","caller":"awesomeProject/main.go:60","msg":"start start gin"}
{"level":"info","ts":"2025-03-18 18:15:42.097","caller":"awesomeProject/main.go:60","msg":"start start gin"}
{"level":"info","ts":"2025-03-18 18:15:42.097","caller":"awesomeProject/main.go:70","msg":"start start grpc"}
{"level":"info","ts":"2025-03-18 18:20:10.627","caller":"awesomeProject/main.go:60","msg":"start start gin"}
{"level":"info","ts":"2025-03-18 18:20:10.627","caller":"awesomeProject/main.go:70","msg":"start start grpc"}
{"level":"info","ts":"2025-03-18 18:21:39.546","caller":"awesomeProject/main.go:60","msg":"start start gin"}
{"level":"info","ts":"2025-03-18 18:21:39.546","caller":"awesomeProject/main.go:70","msg":"start start grpc"}
{"level":"info","ts":"2025-03-18 18:30:30.628","caller":"awesomeProject/main.go:69","msg":"start start grpc"}
{"level":"info","ts":"2025-03-18 18:44:58.537","caller":"awesomeProject/main.go:69","msg":"start start grpc"}
{"level":"info","ts":"2025-03-18 18:49:50.993","caller":"awesomeProject/main.go:69","msg":"start start grpc"}
{"level":"info","ts":"2025-03-18 18:56:56.673","caller":"awesomeProject/main.go:69","msg":"start start grpc"}
{"level":"info","ts":"2025-03-18 18:57:19.332","caller":"awesomeProject/main.go:69","msg":"start start grpc"}
{"level":"info","ts":"2025-03-18 18:57:54.516","caller":"awesomeProject/main.go:69","msg":"start start grpc"}
{"level":"info","ts":"2025-03-18 18:58:02.483","caller":"awesomeProject/main.go:69","msg":"start start grpc"}
{"level":"info","ts":"2025-03-18 18:59:00.958","caller":"awesomeProject/main.go:69","msg":"start start grpc"}
{"level":"info","ts":"2025-03-18 20:12:53.304","caller":"awesomeProject/main.go:69","msg":"start start grpc"}
{"level":"info","ts":"2025-03-18 20:23:11.392","caller":"awesomeProject/main.go:60","msg":"start start gin"}
{"level":"info","ts":"2025-03-18 20:23:11.392","caller":"awesomeProject/main.go:70","msg":"start start grpc"}
{"level":"info","ts":"2025-03-18 20:23:17.938","caller":"handle/systemInfoHandle.go:36","msg":"set user to redis:{\"id\":6,\"user_id\":23,\"user_name\":\"licheng\",\"password\":\"root\",\"phone\":\"15603006298\",\"sex\":\"m\",\"create_by\":\"zhangsan\",\"update_by\":\"\",\"remark\":\"add by postman\",\"status\":0,\"create_time\":\"2025-03-09T15:41:54+08:00\",\"update_time\":\"2025-03-09T15:41:54+08:00\",\"delete_time\":\"0001-01-01T00:00:00Z\"}"}
{"level":"info","ts":"2025-03-18 20:23:18.745","caller":"handle/systemInfoHandle.go:29","msg":"get user from redis:{6 23 licheng root 15603006298 m zhangsan  add by postman 0 2025-03-09 15:41:54 +0800 CST 2025-03-09 15:41:54 +0800 CST 0001-01-01 00:00:00 +0000 UTC}"}
{"level":"info","ts":"2025-03-18 20:23:19.486","caller":"handle/systemInfoHandle.go:29","msg":"get user from redis:{6 23 licheng root 15603006298 m zhangsan  add by postman 0 2025-03-09 15:41:54 +0800 CST 2025-03-09 15:41:54 +0800 CST 0001-01-01 00:00:00 +0000 UTC}"}
{"level":"info","ts":"2025-03-18 20:25:57.991","caller":"awesomeProject/main.go:73","msg":"start start grpc"}
{"level":"info","ts":"2025-03-18 20:25:57.991","caller":"awesomeProject/main.go:62","msg":"start start gin"}
{"level":"info","ts":"2025-03-18 20:28:48.263","caller":"awesomeProject/main.go:73","msg":"start start grpc"}
{"level":"info","ts":"2025-03-18 20:28:48.263","caller":"awesomeProject/main.go:62","msg":"start start gin"}
{"level":"info","ts":"2025-03-18 20:35:06.030","caller":"awesomeProject/main.go:71","msg":"start start grpc"}
{"level":"info","ts":"2025-03-18 20:38:10.942","caller":"awesomeProject/main.go:72","msg":"start start grpc"}
{"level":"info","ts":"2025-03-18 20:38:10.942","caller":"awesomeProject/main.go:62","msg":"start start gin"}
{"level":"info","ts":"2025-03-18 20:38:45.234","caller":"awesomeProject/main.go:72","msg":"start start grpc"}
{"level":"info","ts":"2025-03-18 20:38:45.234","caller":"awesomeProject/main.go:62","msg":"start start gin"}
{"level":"info","ts":"2025-03-18 20:42:05.893","caller":"awesomeProject/main.go:72","msg":"start start grpc"}
{"level":"info","ts":"2025-03-18 20:42:05.893","caller":"awesomeProject/main.go:62","msg":"start start gin"}
{"level":"info","ts":"2025-03-18 20:42:35.547","caller":"handle/systemInfoHandle.go:36","msg":"set user to redis:{\"id\":6,\"user_id\":23,\"user_name\":\"licheng\",\"password\":\"root\",\"phone\":\"15603006298\",\"sex\":\"m\",\"create_by\":\"zhangsan\",\"update_by\":\"\",\"remark\":\"add by postman\",\"status\":0,\"create_time\":\"2025-03-09T15:41:54+08:00\",\"update_time\":\"2025-03-09T15:41:54+08:00\",\"delete_time\":\"0001-01-01T00:00:00Z\"}"}
{"level":"info","ts":"2025-03-18 20:42:36.416","caller":"handle/systemInfoHandle.go:29","msg":"get user from redis:{6 23 licheng root 15603006298 m zhangsan  add by postman 0 2025-03-09 15:41:54 +0800 CST 2025-03-09 15:41:54 +0800 CST 0001-01-01 00:00:00 +0000 UTC}"}
{"level":"info","ts":"2025-03-18 20:42:37.149","caller":"handle/systemInfoHandle.go:29","msg":"get user from redis:{6 23 licheng root 15603006298 m zhangsan  add by postman 0 2025-03-09 15:41:54 +0800 CST 2025-03-09 15:41:54 +0800 CST 0001-01-01 00:00:00 +0000 UTC}"}
{"level":"info","ts":"2025-03-18 20:45:08.875","caller":"awesomeProject/main.go:62","msg":"start start gin"}
{"level":"info","ts":"2025-03-18 20:45:08.875","caller":"awesomeProject/main.go:72","msg":"start start grpc"}
{"level":"info","ts":"2025-03-18 20:45:24.598","caller":"handle/systemInfoHandle.go:36","msg":"set user to redis:{\"id\":6,\"user_id\":23,\"user_name\":\"licheng\",\"password\":\"root\",\"phone\":\"15603006298\",\"sex\":\"m\",\"create_by\":\"zhangsan\",\"update_by\":\"\",\"remark\":\"add by postman\",\"status\":0,\"create_time\":\"2025-03-09T15:41:54+08:00\",\"update_time\":\"2025-03-09T15:41:54+08:00\",\"delete_time\":\"0001-01-01T00:00:00Z\"}"}
{"level":"info","ts":"2025-03-18 20:45:25.375","caller":"handle/systemInfoHandle.go:29","msg":"get user from redis:{6 23 licheng root 15603006298 m zhangsan  add by postman 0 2025-03-09 15:41:54 +0800 CST 2025-03-09 15:41:54 +0800 CST 0001-01-01 00:00:00 +0000 UTC}"}
{"level":"info","ts":"2025-03-18 20:46:32.586","caller":"awesomeProject/main.go:72","msg":"start start grpc"}
{"level":"info","ts":"2025-03-18 20:46:32.586","caller":"awesomeProject/main.go:62","msg":"start start gin"}
{"level":"info","ts":"2025-03-18 20:46:48.951","caller":"handle/systemInfoHandle.go:36","msg":"set user to redis:{\"id\":6,\"user_id\":23,\"user_name\":\"licheng\",\"password\":\"root\",\"phone\":\"15603006298\",\"sex\":\"m\",\"create_by\":\"zhangsan\",\"update_by\":\"\",\"remark\":\"add by postman\",\"status\":0,\"create_time\":\"2025-03-09T15:41:54+08:00\",\"update_time\":\"2025-03-09T15:41:54+08:00\",\"delete_time\":\"0001-01-01T00:00:00Z\"}"}
{"level":"info","ts":"2025-03-18 20:46:49.596","caller":"handle/systemInfoHandle.go:29","msg":"get user from redis:{6 23 licheng root 15603006298 m zhangsan  add by postman 0 2025-03-09 15:41:54 +0800 CST 2025-03-09 15:41:54 +0800 CST 0001-01-01 00:00:00 +0000 UTC}"}
{"level":"info","ts":"2025-03-18 20:47:48.745","caller":"awesomeProject/main.go:73","msg":"start start grpc"}
{"level":"info","ts":"2025-03-18 20:47:48.745","caller":"awesomeProject/main.go:63","msg":"start start gin"}
{"level":"info","ts":"2025-03-18 20:50:39.373","caller":"awesomeProject/main.go:73","msg":"start start grpc"}
{"level":"info","ts":"2025-03-18 20:50:39.373","caller":"awesomeProject/main.go:63","msg":"start start gin"}
{"level":"info","ts":"2025-03-18 20:50:42.923","caller":"handle/systemInfoHandle.go:36","msg":"set user to redis:{\"id\":6,\"user_id\":23,\"user_name\":\"licheng\",\"password\":\"root\",\"phone\":\"15603006298\",\"sex\":\"m\",\"create_by\":\"zhangsan\",\"update_by\":\"\",\"remark\":\"add by postman\",\"status\":0,\"create_time\":\"2025-03-09T15:41:54+08:00\",\"update_time\":\"2025-03-09T15:41:54+08:00\",\"delete_time\":\"0001-01-01T00:00:00Z\"}"}
{"level":"info","ts":"2025-03-18 20:50:43.659","caller":"handle/systemInfoHandle.go:29","msg":"get user from redis:{6 23 licheng root 15603006298 m zhangsan  add by postman 0 2025-03-09 15:41:54 +0800 CST 2025-03-09 15:41:54 +0800 CST 0001-01-01 00:00:00 +0000 UTC}"}
{"level":"info","ts":"2025-03-18 20:50:44.280","caller":"handle/systemInfoHandle.go:29","msg":"get user from redis:{6 23 licheng root 15603006298 m zhangsan  add by postman 0 2025-03-09 15:41:54 +0800 CST 2025-03-09 15:41:54 +0800 CST 0001-01-01 00:00:00 +0000 UTC}"}
{"level":"info","ts":"2025-03-18 21:02:32.115","caller":"handle/systemInfoHandle.go:36","msg":"set user to redis:{\"id\":6,\"user_id\":23,\"user_name\":\"licheng\",\"password\":\"root\",\"phone\":\"15603006298\",\"sex\":\"m\",\"create_by\":\"zhangsan\",\"update_by\":\"\",\"remark\":\"add by postman\",\"status\":0,\"create_time\":\"2025-03-09T15:41:54+08:00\",\"update_time\":\"2025-03-09T15:41:54+08:00\",\"delete_time\":\"0001-01-01T00:00:00Z\"}"}
{"level":"info","ts":"2025-03-18 21:02:41.843","caller":"handle/systemInfoHandle.go:29","msg":"get user from redis:{6 23 licheng root 15603006298 m zhangsan  add by postman 0 2025-03-09 15:41:54 +0800 CST 2025-03-09 15:41:54 +0800 CST 0001-01-01 00:00:00 +0000 UTC}"}
{"level":"info","ts":"2025-03-18 21:02:42.585","caller":"handle/systemInfoHandle.go:29","msg":"get user from redis:{6 23 licheng root 15603006298 m zhangsan  add by postman 0 2025-03-09 15:41:54 +0800 CST 2025-03-09 15:41:54 +0800 CST 0001-01-01 00:00:00 +0000 UTC}"}
{"level":"info","ts":"2025-03-18 21:02:43.141","caller":"handle/systemInfoHandle.go:29","msg":"get user from redis:{6 23 licheng root 15603006298 m zhangsan  add by postman 0 2025-03-09 15:41:54 +0800 CST 2025-03-09 15:41:54 +0800 CST 0001-01-01 00:00:00 +0000 UTC}"}
{"level":"info","ts":"2025-03-18 21:02:43.625","caller":"handle/systemInfoHandle.go:29","msg":"get user from redis:{6 23 licheng root 15603006298 m zhangsan  add by postman 0 2025-03-09 15:41:54 +0800 CST 2025-03-09 15:41:54 +0800 CST 0001-01-01 00:00:00 +0000 UTC}"}
{"level":"info","ts":"2025-03-18 21:02:55.156","caller":"handle/systemInfoHandle.go:29","msg":"get user from redis:{6 23 licheng root 15603006298 m zhangsan  add by postman 0 2025-03-09 15:41:54 +0800 CST 2025-03-09 15:41:54 +0800 CST 0001-01-01 00:00:00 +0000 UTC}"}
{"level":"info","ts":"2025-03-18 21:02:55.795","caller":"handle/systemInfoHandle.go:29","msg":"get user from redis:{6 23 licheng root 15603006298 m zhangsan  add by postman 0 2025-03-09 15:41:54 +0800 CST 2025-03-09 15:41:54 +0800 CST 0001-01-01 00:00:00 +0000 UTC}"}
{"level":"info","ts":"2025-03-18 21:03:33.125","caller":"awesomeProject/main.go:73","msg":"start start grpc"}
{"level":"info","ts":"2025-03-18 21:03:33.125","caller":"awesomeProject/main.go:63","msg":"start start gin"}
{"level":"info","ts":"2025-03-18 21:04:42.209","caller":"awesomeProject/main.go:73","msg":"start start grpc"}
{"level":"info","ts":"2025-03-18 21:04:42.209","caller":"awesomeProject/main.go:63","msg":"start start gin"}
{"level":"info","ts":"2025-03-18 21:04:44.996","caller":"handle/systemInfoHandle.go:36","msg":"set user to redis:{\"id\":6,\"user_id\":23,\"user_name\":\"licheng\",\"password\":\"root\",\"phone\":\"15603006298\",\"sex\":\"m\",\"create_by\":\"zhangsan\",\"update_by\":\"\",\"remark\":\"add by postman\",\"status\":0,\"create_time\":\"2025-03-09T15:41:54+08:00\",\"update_time\":\"2025-03-09T15:41:54+08:00\",\"delete_time\":\"0001-01-01T00:00:00Z\"}"}
{"level":"info","ts":"2025-03-18 21:04:45.962","caller":"handle/systemInfoHandle.go:29","msg":"get user from redis:{6 23 licheng root 15603006298 m zhangsan  add by postman 0 2025-03-09 15:41:54 +0800 CST 2025-03-09 15:41:54 +0800 CST 0001-01-01 00:00:00 +0000 UTC}"}
{"level":"info","ts":"2025-03-18 21:04:46.624","caller":"handle/systemInfoHandle.go:29","msg":"get user from redis:{6 23 licheng root 15603006298 m zhangsan  add by postman 0 2025-03-09 15:41:54 +0800 CST 2025-03-09 15:41:54 +0800 CST 0001-01-01 00:00:00 +0000 UTC}"}
{"level":"info","ts":"2025-03-18 21:04:59.845","caller":"awesomeProject/main.go:73","msg":"start start grpc"}
{"level":"info","ts":"2025-03-18 21:04:59.845","caller":"awesomeProject/main.go:63","msg":"start start gin"}
{"level":"info","ts":"2025-03-18 21:06:52.130","caller":"handle/systemInfoHandle.go:36","msg":"set user to redis:{\"id\":6,\"user_id\":23,\"user_name\":\"licheng\",\"password\":\"root\",\"phone\":\"15603006298\",\"sex\":\"m\",\"create_by\":\"zhangsan\",\"update_by\":\"\",\"remark\":\"add by postman\",\"status\":0,\"create_time\":\"2025-03-09T15:41:54+08:00\",\"update_time\":\"2025-03-09T15:41:54+08:00\",\"delete_time\":\"0001-01-01T00:00:00Z\"}"}
{"level":"info","ts":"2025-03-18 21:06:52.850","caller":"handle/systemInfoHandle.go:29","msg":"get user from redis:{6 23 licheng root 15603006298 m zhangsan  add by postman 0 2025-03-09 15:41:54 +0800 CST 2025-03-09 15:41:54 +0800 CST 0001-01-01 00:00:00 +0000 UTC}"}
{"level":"info","ts":"2025-03-18 21:06:53.443","caller":"handle/systemInfoHandle.go:29","msg":"get user from redis:{6 23 licheng root 15603006298 m zhangsan  add by postman 0 2025-03-09 15:41:54 +0800 CST 2025-03-09 15:41:54 +0800 CST 0001-01-01 00:00:00 +0000 UTC}"}
{"level":"info","ts":"2025-03-18 21:06:54.115","caller":"handle/systemInfoHandle.go:29","msg":"get user from redis:{6 23 licheng root 15603006298 m zhangsan  add by postman 0 2025-03-09 15:41:54 +0800 CST 2025-03-09 15:41:54 +0800 CST 0001-01-01 00:00:00 +0000 UTC}"}
{"level":"info","ts":"2025-03-18 21:06:54.957","caller":"handle/systemInfoHandle.go:29","msg":"get user from redis:{6 23 licheng root 15603006298 m zhangsan  add by postman 0 2025-03-09 15:41:54 +0800 CST 2025-03-09 15:41:54 +0800 CST 0001-01-01 00:00:00 +0000 UTC}"}
{"level":"info","ts":"2025-03-18 21:06:55.773","caller":"handle/systemInfoHandle.go:29","msg":"get user from redis:{6 23 licheng root 15603006298 m zhangsan  add by postman 0 2025-03-09 15:41:54 +0800 CST 2025-03-09 15:41:54 +0800 CST 0001-01-01 00:00:00 +0000 UTC}"}
{"level":"info","ts":"2025-03-18 21:07:06.786","caller":"handle/systemInfoHandle.go:29","msg":"get user from redis:{6 23 licheng root 15603006298 m zhangsan  add by postman 0 2025-03-09 15:41:54 +0800 CST 2025-03-09 15:41:54 +0800 CST 0001-01-01 00:00:00 +0000 UTC}"}
{"level":"info","ts":"2025-03-18 21:12:30.016","caller":"handle/systemInfoHandle.go:36","msg":"set user to redis:{\"id\":6,\"user_id\":23,\"user_name\":\"licheng\",\"password\":\"root\",\"phone\":\"15603006298\",\"sex\":\"m\",\"create_by\":\"zhangsan\",\"update_by\":\"\",\"remark\":\"add by postman\",\"status\":0,\"create_time\":\"2025-03-09T15:41:54+08:00\",\"update_time\":\"2025-03-09T15:41:54+08:00\",\"delete_time\":\"0001-01-01T00:00:00Z\"}"}
{"level":"info","ts":"2025-03-18 21:12:31.175","caller":"handle/systemInfoHandle.go:29","msg":"get user from redis:{6 23 licheng root 15603006298 m zhangsan  add by postman 0 2025-03-09 15:41:54 +0800 CST 2025-03-09 15:41:54 +0800 CST 0001-01-01 00:00:00 +0000 UTC}"}
{"level":"info","ts":"2025-03-18 21:13:35.785","caller":"awesomeProject/main.go:63","msg":"start start gin"}
{"level":"info","ts":"2025-03-18 21:13:35.785","caller":"awesomeProject/main.go:73","msg":"start start grpc"}
{"level":"info","ts":"2025-03-18 21:13:45.151","caller":"handle/systemInfoHandle.go:36","msg":"set user to redis:{\"id\":6,\"user_id\":23,\"user_name\":\"licheng\",\"password\":\"root\",\"phone\":\"15603006298\",\"sex\":\"m\",\"create_by\":\"zhangsan\",\"update_by\":\"\",\"remark\":\"add by postman\",\"status\":0,\"create_time\":\"2025-03-09T15:41:54+08:00\",\"update_time\":\"2025-03-09T15:41:54+08:00\",\"delete_time\":\"0001-01-01T00:00:00Z\"}"}
{"level":"info","ts":"2025-03-18 21:13:46.036","caller":"handle/systemInfoHandle.go:29","msg":"get user from redis:{6 23 licheng root 15603006298 m zhangsan  add by postman 0 2025-03-09 15:41:54 +0800 CST 2025-03-09 15:41:54 +0800 CST 0001-01-01 00:00:00 +0000 UTC}"}
{"level":"info","ts":"2025-03-18 21:22:56.914","caller":"awesomeProject/main.go:63","msg":"start start gin"}
{"level":"info","ts":"2025-03-18 21:22:56.914","caller":"awesomeProject/main.go:73","msg":"start start grpc"}
{"level":"info","ts":"2025-03-18 21:23:08.128","caller":"handle/systemInfoHandle.go:36","msg":"set user to redis:{\"id\":6,\"user_id\":23,\"user_name\":\"licheng\",\"password\":\"root\",\"phone\":\"15603006298\",\"sex\":\"m\",\"create_by\":\"zhangsan\",\"update_by\":\"\",\"remark\":\"add by postman\",\"status\":0,\"create_time\":\"2025-03-09T15:41:54+08:00\",\"update_time\":\"2025-03-09T15:41:54+08:00\",\"delete_time\":\"0001-01-01T00:00:00Z\"}"}
{"level":"info","ts":"2025-03-18 21:23:08.871","caller":"handle/systemInfoHandle.go:29","msg":"get user from redis:{6 23 licheng root 15603006298 m zhangsan  add by postman 0 2025-03-09 15:41:54 +0800 CST 2025-03-09 15:41:54 +0800 CST 0001-01-01 00:00:00 +0000 UTC}"}
{"level":"info","ts":"2025-03-18 21:23:30.429","caller":"handle/systemInfoHandle.go:29","msg":"get user from redis:{6 23 licheng root 15603006298 m zhangsan  add by postman 0 2025-03-09 15:41:54 +0800 CST 2025-03-09 15:41:54 +0800 CST 0001-01-01 00:00:00 +0000 UTC}"}
{"level":"info","ts":"2025-03-18 21:25:14.221","caller":"awesomeProject/main.go:63","msg":"start start gin"}
{"level":"info","ts":"2025-03-18 21:25:14.221","caller":"awesomeProject/main.go:73","msg":"start start grpc"}
{"level":"info","ts":"2025-03-18 21:25:20.081","caller":"handle/systemInfoHandle.go:36","msg":"set user to redis:{\"id\":6,\"user_id\":23,\"user_name\":\"licheng\",\"password\":\"root\",\"phone\":\"15603006298\",\"sex\":\"m\",\"create_by\":\"zhangsan\",\"update_by\":\"\",\"remark\":\"add by postman\",\"status\":0,\"create_time\":\"2025-03-09T15:41:54+08:00\",\"update_time\":\"2025-03-09T15:41:54+08:00\",\"delete_time\":\"0001-01-01T00:00:00Z\"}"}
{"level":"info","ts":"2025-03-18 21:25:20.880","caller":"handle/systemInfoHandle.go:29","msg":"get user from redis:{6 23 licheng root 15603006298 m zhangsan  add by postman 0 2025-03-09 15:41:54 +0800 CST 2025-03-09 15:41:54 +0800 CST 0001-01-01 00:00:00 +0000 UTC}"}
{"level":"info","ts":"2025-03-18 21:29:15.556","caller":"handle/systemInfoHandle.go:36","msg":"set user to redis:{\"id\":6,\"user_id\":23,\"user_name\":\"licheng\",\"password\":\"root\",\"phone\":\"15603006298\",\"sex\":\"m\",\"create_by\":\"zhangsan\",\"update_by\":\"\",\"remark\":\"add by postman\",\"status\":0,\"create_time\":\"2025-03-09T15:41:54+08:00\",\"update_time\":\"2025-03-09T15:41:54+08:00\",\"delete_time\":\"0001-01-01T00:00:00Z\"}"}
{"level":"info","ts":"2025-03-18 21:29:45.338","caller":"awesomeProject/main.go:74","msg":"start start grpc"}
{"level":"info","ts":"2025-03-18 21:29:45.338","caller":"awesomeProject/main.go:64","msg":"start start gin"}
{"level":"info","ts":"2025-03-18 21:29:54.852","caller":"handle/systemInfoHandle.go:29","msg":"get user from redis:{6 23 licheng root 15603006298 m zhangsan  add by postman 0 2025-03-09 15:41:54 +0800 CST 2025-03-09 15:41:54 +0800 CST 0001-01-01 00:00:00 +0000 UTC}"}
{"level":"info","ts":"2025-03-18 21:29:55.540","caller":"handle/systemInfoHandle.go:29","msg":"get user from redis:{6 23 licheng root 15603006298 m zhangsan  add by postman 0 2025-03-09 15:41:54 +0800 CST 2025-03-09 15:41:54 +0800 CST 0001-01-01 00:00:00 +0000 UTC}"}
{"level":"info","ts":"2025-03-18 21:30:43.275","caller":"awesomeProject/main.go:74","msg":"start start grpc"}
{"level":"info","ts":"2025-03-18 21:30:43.275","caller":"awesomeProject/main.go:64","msg":"start start gin"}
{"level":"info","ts":"2025-03-18 21:35:22.322","caller":"awesomeProject/main.go:76","msg":"start start grpc"}
{"level":"info","ts":"2025-03-18 21:35:22.322","caller":"awesomeProject/main.go:66","msg":"start start gin"}
